{"/home/t1st3/Repo/dev/xmlrpc-message-umd/master/src/xmlrpc-message-umd.js":{"path":"/home/t1st3/Repo/dev/xmlrpc-message-umd/master/src/xmlrpc-message-umd.js","s":{"1":1,"2":1,"3":0,"4":1,"5":1,"6":0,"7":1,"8":19,"9":1,"10":19,"11":19,"12":1,"13":5,"14":1,"15":4,"16":4,"17":1,"18":23,"19":1,"20":22,"21":22,"22":1,"23":3,"24":3,"25":3,"26":3,"27":3,"28":3,"29":3,"30":12,"31":12,"32":12,"33":12,"34":3,"35":3,"36":3,"37":1,"38":47,"39":0,"40":47,"41":1,"42":46,"43":46,"44":46,"45":11,"46":7,"47":4,"48":11,"49":12,"50":12,"51":3,"52":9,"53":1,"54":8,"55":4,"56":4,"57":12,"58":46,"59":1,"60":37,"61":1,"62":36,"63":36,"64":1,"65":6,"66":1,"67":5,"68":5,"69":1,"70":3,"71":1,"72":2,"73":2,"74":2,"75":2,"76":1,"77":2,"78":0,"79":2,"80":2,"81":2,"82":2,"83":1,"84":7,"85":1,"86":6,"87":6,"88":13,"89":6,"90":6,"91":1,"92":7,"93":1,"94":6,"95":6,"96":12,"97":12,"98":12,"99":12,"100":6,"101":6,"102":1,"103":46,"104":1,"105":45,"106":1,"107":45,"108":45,"109":2,"110":2,"111":1,"112":1,"113":3,"114":3,"115":3,"116":3,"117":3,"118":3,"119":33,"120":33,"121":45,"122":1,"123":6,"124":1,"125":5,"126":2,"127":3,"128":3,"129":3,"130":3,"131":3,"132":1,"133":19,"134":1,"135":18,"136":1,"137":17,"138":15,"139":17,"140":1,"141":6,"142":1,"143":5,"144":5,"145":1},"b":{"1":[0,1],"2":[1,0],"3":[1,0],"4":[1,18],"5":[1,4],"6":[1,22],"7":[0,47],"8":[1,46],"9":[47,3],"10":[11,12],"11":[7,4],"12":[3,9],"13":[1,8],"14":[4,4],"15":[1,36],"16":[1,5],"17":[6,5],"18":[1,4],"19":[1,2],"20":[0,2],"21":[1,6],"22":[1,6],"23":[1,45],"24":[46,4],"25":[1,44],"26":[2,1,3,3,3,33],"27":[1,5],"28":[2,3],"29":[5,4],"30":[1,18],"31":[1,17],"32":[18,18],"33":[15,2],"34":[1,5]},"f":{"1":1,"2":1,"3":19,"4":5,"5":23,"6":3,"7":47,"8":37,"9":6,"10":3,"11":2,"12":7,"13":7,"14":46,"15":6,"16":19,"17":6},"fnMap":{"1":{"name":"(anonymous_1)","line":29,"loc":{"start":{"line":29,"column":1},"end":{"line":29,"column":26}}},"2":{"name":"(anonymous_2)","line":45,"loc":{"start":{"line":45,"column":8},"end":{"line":45,"column":24}}},"3":{"name":"(anonymous_3)","line":56,"loc":{"start":{"line":56,"column":22},"end":{"line":56,"column":40}}},"4":{"name":"(anonymous_4)","line":72,"loc":{"start":{"line":72,"column":38},"end":{"line":72,"column":60}}},"5":{"name":"(anonymous_5)","line":90,"loc":{"start":{"line":90,"column":41},"end":{"line":90,"column":57}}},"6":{"name":"(anonymous_6)","line":107,"loc":{"start":{"line":107,"column":32},"end":{"line":107,"column":44}}},"7":{"name":"(anonymous_7)","line":135,"loc":{"start":{"line":135,"column":29},"end":{"line":135,"column":53}}},"8":{"name":"(anonymous_8)","line":182,"loc":{"start":{"line":182,"column":29},"end":{"line":182,"column":51}}},"9":{"name":"(anonymous_9)","line":198,"loc":{"start":{"line":198,"column":31},"end":{"line":198,"column":47}}},"10":{"name":"(anonymous_10)","line":214,"loc":{"start":{"line":214,"column":28},"end":{"line":214,"column":44}}},"11":{"name":"(anonymous_11)","line":232,"loc":{"start":{"line":232,"column":30},"end":{"line":232,"column":46}}},"12":{"name":"(anonymous_12)","line":250,"loc":{"start":{"line":250,"column":29},"end":{"line":250,"column":45}}},"13":{"name":"(anonymous_13)","line":270,"loc":{"start":{"line":270,"column":30},"end":{"line":270,"column":46}}},"14":{"name":"(anonymous_14)","line":294,"loc":{"start":{"line":294,"column":30},"end":{"line":294,"column":52}}},"15":{"name":"(anonymous_15)","line":332,"loc":{"start":{"line":332,"column":32},"end":{"line":332,"column":48}}},"16":{"name":"(anonymous_16)","line":359,"loc":{"start":{"line":359,"column":30},"end":{"line":359,"column":43}}},"17":{"name":"(anonymous_17)","line":379,"loc":{"start":{"line":379,"column":23},"end":{"line":379,"column":39}}}},"statementMap":{"1":{"start":{"line":29,"column":0},"end":{"line":388,"column":4}},"2":{"start":{"line":31,"column":2},"end":{"line":44,"column":3}},"3":{"start":{"line":33,"column":4},"end":{"line":35,"column":16}},"4":{"start":{"line":37,"column":9},"end":{"line":44,"column":3}},"5":{"start":{"line":39,"column":4},"end":{"line":39,"column":50}},"6":{"start":{"line":43,"column":4},"end":{"line":43,"column":44}},"7":{"start":{"line":56,"column":2},"end":{"line":63,"column":4}},"8":{"start":{"line":58,"column":4},"end":{"line":60,"column":5}},"9":{"start":{"line":59,"column":6},"end":{"line":59,"column":29}},"10":{"start":{"line":61,"column":4},"end":{"line":61,"column":21}},"11":{"start":{"line":62,"column":4},"end":{"line":62,"column":16}},"12":{"start":{"line":72,"column":2},"end":{"line":81,"column":4}},"13":{"start":{"line":74,"column":4},"end":{"line":77,"column":5}},"14":{"start":{"line":76,"column":6},"end":{"line":76,"column":18}},"15":{"start":{"line":78,"column":4},"end":{"line":78,"column":29}},"16":{"start":{"line":80,"column":4},"end":{"line":80,"column":16}},"17":{"start":{"line":90,"column":2},"end":{"line":99,"column":4}},"18":{"start":{"line":92,"column":4},"end":{"line":95,"column":5}},"19":{"start":{"line":94,"column":6},"end":{"line":94,"column":18}},"20":{"start":{"line":96,"column":4},"end":{"line":96,"column":43}},"21":{"start":{"line":98,"column":4},"end":{"line":98,"column":16}},"22":{"start":{"line":107,"column":2},"end":{"line":125,"column":4}},"23":{"start":{"line":108,"column":4},"end":{"line":108,"column":17}},"24":{"start":{"line":109,"column":4},"end":{"line":109,"column":39}},"25":{"start":{"line":110,"column":4},"end":{"line":110,"column":28}},"26":{"start":{"line":111,"column":4},"end":{"line":111,"column":60}},"27":{"start":{"line":112,"column":4},"end":{"line":112,"column":24}},"28":{"start":{"line":113,"column":4},"end":{"line":114,"column":16}},"29":{"start":{"line":115,"column":4},"end":{"line":120,"column":5}},"30":{"start":{"line":116,"column":6},"end":{"line":116,"column":28}},"31":{"start":{"line":117,"column":6},"end":{"line":117,"column":25}},"32":{"start":{"line":118,"column":6},"end":{"line":118,"column":104}},"33":{"start":{"line":119,"column":6},"end":{"line":119,"column":26}},"34":{"start":{"line":121,"column":4},"end":{"line":121,"column":25}},"35":{"start":{"line":122,"column":4},"end":{"line":122,"column":27}},"36":{"start":{"line":124,"column":4},"end":{"line":124,"column":15}},"37":{"start":{"line":135,"column":2},"end":{"line":172,"column":4}},"38":{"start":{"line":136,"column":4},"end":{"line":138,"column":5}},"39":{"start":{"line":137,"column":6},"end":{"line":137,"column":23}},"40":{"start":{"line":140,"column":4},"end":{"line":142,"column":5}},"41":{"start":{"line":141,"column":6},"end":{"line":141,"column":19}},"42":{"start":{"line":143,"column":4},"end":{"line":144,"column":15}},"43":{"start":{"line":145,"column":4},"end":{"line":145,"column":30}},"44":{"start":{"line":146,"column":4},"end":{"line":170,"column":5}},"45":{"start":{"line":148,"column":8},"end":{"line":152,"column":9}},"46":{"start":{"line":149,"column":10},"end":{"line":149,"column":23}},"47":{"start":{"line":151,"column":10},"end":{"line":151,"column":26}},"48":{"start":{"line":153,"column":8},"end":{"line":153,"column":14}},"49":{"start":{"line":155,"column":8},"end":{"line":155,"column":28}},"50":{"start":{"line":156,"column":8},"end":{"line":168,"column":9}},"51":{"start":{"line":157,"column":10},"end":{"line":157,"column":26}},"52":{"start":{"line":159,"column":10},"end":{"line":167,"column":11}},"53":{"start":{"line":160,"column":10},"end":{"line":160,"column":24}},"54":{"start":{"line":162,"column":12},"end":{"line":166,"column":13}},"55":{"start":{"line":163,"column":14},"end":{"line":163,"column":29}},"56":{"start":{"line":165,"column":14},"end":{"line":165,"column":30}},"57":{"start":{"line":169,"column":8},"end":{"line":169,"column":14}},"58":{"start":{"line":171,"column":4},"end":{"line":171,"column":16}},"59":{"start":{"line":182,"column":2},"end":{"line":189,"column":4}},"60":{"start":{"line":184,"column":4},"end":{"line":186,"column":5}},"61":{"start":{"line":185,"column":6},"end":{"line":185,"column":16}},"62":{"start":{"line":187,"column":4},"end":{"line":187,"column":58}},"63":{"start":{"line":188,"column":4},"end":{"line":188,"column":15}},"64":{"start":{"line":198,"column":2},"end":{"line":205,"column":4}},"65":{"start":{"line":200,"column":4},"end":{"line":202,"column":5}},"66":{"start":{"line":201,"column":6},"end":{"line":201,"column":16}},"67":{"start":{"line":203,"column":4},"end":{"line":203,"column":40}},"68":{"start":{"line":204,"column":4},"end":{"line":204,"column":46}},"69":{"start":{"line":214,"column":2},"end":{"line":223,"column":4}},"70":{"start":{"line":216,"column":4},"end":{"line":218,"column":5}},"71":{"start":{"line":217,"column":6},"end":{"line":217,"column":16}},"72":{"start":{"line":219,"column":4},"end":{"line":219,"column":35}},"73":{"start":{"line":220,"column":4},"end":{"line":220,"column":45}},"74":{"start":{"line":221,"column":4},"end":{"line":221,"column":33}},"75":{"start":{"line":222,"column":4},"end":{"line":222,"column":15}},"76":{"start":{"line":232,"column":2},"end":{"line":241,"column":4}},"77":{"start":{"line":234,"column":4},"end":{"line":236,"column":5}},"78":{"start":{"line":235,"column":6},"end":{"line":235,"column":16}},"79":{"start":{"line":237,"column":4},"end":{"line":237,"column":25}},"80":{"start":{"line":238,"column":4},"end":{"line":238,"column":18}},"81":{"start":{"line":239,"column":4},"end":{"line":239,"column":23}},"82":{"start":{"line":240,"column":4},"end":{"line":240,"column":15}},"83":{"start":{"line":250,"column":2},"end":{"line":261,"column":4}},"84":{"start":{"line":252,"column":4},"end":{"line":254,"column":5}},"85":{"start":{"line":253,"column":6},"end":{"line":253,"column":16}},"86":{"start":{"line":255,"column":4},"end":{"line":255,"column":32}},"87":{"start":{"line":256,"column":4},"end":{"line":258,"column":5}},"88":{"start":{"line":257,"column":6},"end":{"line":257,"column":110}},"89":{"start":{"line":259,"column":4},"end":{"line":259,"column":31}},"90":{"start":{"line":260,"column":4},"end":{"line":260,"column":15}},"91":{"start":{"line":270,"column":2},"end":{"line":284,"column":4}},"92":{"start":{"line":272,"column":4},"end":{"line":274,"column":5}},"93":{"start":{"line":273,"column":6},"end":{"line":273,"column":16}},"94":{"start":{"line":275,"column":4},"end":{"line":275,"column":27}},"95":{"start":{"line":276,"column":4},"end":{"line":281,"column":5}},"96":{"start":{"line":277,"column":6},"end":{"line":277,"column":26}},"97":{"start":{"line":278,"column":6},"end":{"line":278,"column":40}},"98":{"start":{"line":279,"column":6},"end":{"line":279,"column":110}},"99":{"start":{"line":280,"column":6},"end":{"line":280,"column":27}},"100":{"start":{"line":282,"column":4},"end":{"line":282,"column":25}},"101":{"start":{"line":283,"column":4},"end":{"line":283,"column":15}},"102":{"start":{"line":294,"column":2},"end":{"line":323,"column":4}},"103":{"start":{"line":295,"column":4},"end":{"line":297,"column":5}},"104":{"start":{"line":296,"column":6},"end":{"line":296,"column":19}},"105":{"start":{"line":298,"column":4},"end":{"line":300,"column":5}},"106":{"start":{"line":299,"column":6},"end":{"line":299,"column":22}},"107":{"start":{"line":301,"column":4},"end":{"line":301,"column":12}},"108":{"start":{"line":302,"column":4},"end":{"line":321,"column":5}},"109":{"start":{"line":304,"column":8},"end":{"line":304,"column":46}},"110":{"start":{"line":305,"column":8},"end":{"line":305,"column":14}},"111":{"start":{"line":307,"column":8},"end":{"line":307,"column":44}},"112":{"start":{"line":308,"column":8},"end":{"line":308,"column":14}},"113":{"start":{"line":310,"column":8},"end":{"line":310,"column":45}},"114":{"start":{"line":311,"column":8},"end":{"line":311,"column":14}},"115":{"start":{"line":313,"column":8},"end":{"line":313,"column":46}},"116":{"start":{"line":314,"column":8},"end":{"line":314,"column":14}},"117":{"start":{"line":316,"column":8},"end":{"line":316,"column":47}},"118":{"start":{"line":317,"column":8},"end":{"line":317,"column":14}},"119":{"start":{"line":319,"column":8},"end":{"line":319,"column":51}},"120":{"start":{"line":320,"column":8},"end":{"line":320,"column":14}},"121":{"start":{"line":322,"column":4},"end":{"line":322,"column":15}},"122":{"start":{"line":332,"column":2},"end":{"line":350,"column":4}},"123":{"start":{"line":334,"column":4},"end":{"line":336,"column":5}},"124":{"start":{"line":335,"column":6},"end":{"line":335,"column":19}},"125":{"start":{"line":338,"column":4},"end":{"line":340,"column":5}},"126":{"start":{"line":339,"column":6},"end":{"line":339,"column":19}},"127":{"start":{"line":341,"column":4},"end":{"line":345,"column":19}},"128":{"start":{"line":346,"column":4},"end":{"line":346,"column":74}},"129":{"start":{"line":347,"column":4},"end":{"line":347,"column":74}},"130":{"start":{"line":348,"column":4},"end":{"line":348,"column":48}},"131":{"start":{"line":349,"column":4},"end":{"line":349,"column":21}},"132":{"start":{"line":359,"column":2},"end":{"line":370,"column":4}},"133":{"start":{"line":360,"column":4},"end":{"line":362,"column":5}},"134":{"start":{"line":361,"column":6},"end":{"line":361,"column":19}},"135":{"start":{"line":363,"column":4},"end":{"line":365,"column":5}},"136":{"start":{"line":364,"column":6},"end":{"line":364,"column":19}},"137":{"start":{"line":366,"column":4},"end":{"line":368,"column":5}},"138":{"start":{"line":367,"column":6},"end":{"line":367,"column":18}},"139":{"start":{"line":369,"column":4},"end":{"line":369,"column":13}},"140":{"start":{"line":379,"column":2},"end":{"line":385,"column":4}},"141":{"start":{"line":380,"column":4},"end":{"line":382,"column":5}},"142":{"start":{"line":381,"column":6},"end":{"line":381,"column":19}},"143":{"start":{"line":383,"column":4},"end":{"line":383,"column":24}},"144":{"start":{"line":384,"column":4},"end":{"line":384,"column":27}},"145":{"start":{"line":387,"column":2},"end":{"line":387,"column":23}}},"branchMap":{"1":{"line":31,"type":"if","locations":[{"start":{"line":31,"column":2},"end":{"line":31,"column":2}},{"start":{"line":31,"column":2},"end":{"line":31,"column":2}}]},"2":{"line":31,"type":"binary-expr","locations":[{"start":{"line":31,"column":6},"end":{"line":31,"column":34}},{"start":{"line":31,"column":38},"end":{"line":31,"column":48}}]},"3":{"line":37,"type":"if","locations":[{"start":{"line":37,"column":9},"end":{"line":37,"column":9}},{"start":{"line":37,"column":9},"end":{"line":37,"column":9}}]},"4":{"line":58,"type":"if","locations":[{"start":{"line":58,"column":4},"end":{"line":58,"column":4}},{"start":{"line":58,"column":4},"end":{"line":58,"column":4}}]},"5":{"line":74,"type":"if","locations":[{"start":{"line":74,"column":4},"end":{"line":74,"column":4}},{"start":{"line":74,"column":4},"end":{"line":74,"column":4}}]},"6":{"line":92,"type":"if","locations":[{"start":{"line":92,"column":4},"end":{"line":92,"column":4}},{"start":{"line":92,"column":4},"end":{"line":92,"column":4}}]},"7":{"line":136,"type":"if","locations":[{"start":{"line":136,"column":4},"end":{"line":136,"column":4}},{"start":{"line":136,"column":4},"end":{"line":136,"column":4}}]},"8":{"line":140,"type":"if","locations":[{"start":{"line":140,"column":4},"end":{"line":140,"column":4}},{"start":{"line":140,"column":4},"end":{"line":140,"column":4}}]},"9":{"line":140,"type":"binary-expr","locations":[{"start":{"line":140,"column":8},"end":{"line":140,"column":10}},{"start":{"line":140,"column":14},"end":{"line":140,"column":25}}]},"10":{"line":146,"type":"switch","locations":[{"start":{"line":147,"column":6},"end":{"line":153,"column":14}},{"start":{"line":154,"column":6},"end":{"line":169,"column":14}}]},"11":{"line":148,"type":"if","locations":[{"start":{"line":148,"column":8},"end":{"line":148,"column":8}},{"start":{"line":148,"column":8},"end":{"line":148,"column":8}}]},"12":{"line":156,"type":"if","locations":[{"start":{"line":156,"column":8},"end":{"line":156,"column":8}},{"start":{"line":156,"column":8},"end":{"line":156,"column":8}}]},"13":{"line":159,"type":"if","locations":[{"start":{"line":159,"column":10},"end":{"line":159,"column":10}},{"start":{"line":159,"column":10},"end":{"line":159,"column":10}}]},"14":{"line":162,"type":"if","locations":[{"start":{"line":162,"column":12},"end":{"line":162,"column":12}},{"start":{"line":162,"column":12},"end":{"line":162,"column":12}}]},"15":{"line":184,"type":"if","locations":[{"start":{"line":184,"column":4},"end":{"line":184,"column":4}},{"start":{"line":184,"column":4},"end":{"line":184,"column":4}}]},"16":{"line":200,"type":"if","locations":[{"start":{"line":200,"column":4},"end":{"line":200,"column":4}},{"start":{"line":200,"column":4},"end":{"line":200,"column":4}}]},"17":{"line":200,"type":"binary-expr","locations":[{"start":{"line":200,"column":8},"end":{"line":200,"column":13}},{"start":{"line":200,"column":17},"end":{"line":200,"column":31}}]},"18":{"line":203,"type":"cond-expr","locations":[{"start":{"line":203,"column":34},"end":{"line":203,"column":35}},{"start":{"line":203,"column":38},"end":{"line":203,"column":39}}]},"19":{"line":216,"type":"if","locations":[{"start":{"line":216,"column":4},"end":{"line":216,"column":4}},{"start":{"line":216,"column":4},"end":{"line":216,"column":4}}]},"20":{"line":234,"type":"if","locations":[{"start":{"line":234,"column":4},"end":{"line":234,"column":4}},{"start":{"line":234,"column":4},"end":{"line":234,"column":4}}]},"21":{"line":252,"type":"if","locations":[{"start":{"line":252,"column":4},"end":{"line":252,"column":4}},{"start":{"line":252,"column":4},"end":{"line":252,"column":4}}]},"22":{"line":272,"type":"if","locations":[{"start":{"line":272,"column":4},"end":{"line":272,"column":4}},{"start":{"line":272,"column":4},"end":{"line":272,"column":4}}]},"23":{"line":295,"type":"if","locations":[{"start":{"line":295,"column":4},"end":{"line":295,"column":4}},{"start":{"line":295,"column":4},"end":{"line":295,"column":4}}]},"24":{"line":295,"type":"binary-expr","locations":[{"start":{"line":295,"column":8},"end":{"line":295,"column":13}},{"start":{"line":295,"column":17},"end":{"line":295,"column":31}}]},"25":{"line":298,"type":"if","locations":[{"start":{"line":298,"column":4},"end":{"line":298,"column":4}},{"start":{"line":298,"column":4},"end":{"line":298,"column":4}}]},"26":{"line":302,"type":"switch","locations":[{"start":{"line":303,"column":6},"end":{"line":305,"column":14}},{"start":{"line":306,"column":6},"end":{"line":308,"column":14}},{"start":{"line":309,"column":6},"end":{"line":311,"column":14}},{"start":{"line":312,"column":6},"end":{"line":314,"column":14}},{"start":{"line":315,"column":6},"end":{"line":317,"column":14}},{"start":{"line":318,"column":6},"end":{"line":320,"column":14}}]},"27":{"line":334,"type":"if","locations":[{"start":{"line":334,"column":4},"end":{"line":334,"column":4}},{"start":{"line":334,"column":4},"end":{"line":334,"column":4}}]},"28":{"line":338,"type":"if","locations":[{"start":{"line":338,"column":4},"end":{"line":338,"column":4}},{"start":{"line":338,"column":4},"end":{"line":338,"column":4}}]},"29":{"line":338,"type":"binary-expr","locations":[{"start":{"line":338,"column":8},"end":{"line":338,"column":33}},{"start":{"line":338,"column":37},"end":{"line":338,"column":60}}]},"30":{"line":360,"type":"if","locations":[{"start":{"line":360,"column":4},"end":{"line":360,"column":4}},{"start":{"line":360,"column":4},"end":{"line":360,"column":4}}]},"31":{"line":363,"type":"if","locations":[{"start":{"line":363,"column":4},"end":{"line":363,"column":4}},{"start":{"line":363,"column":4},"end":{"line":363,"column":4}}]},"32":{"line":363,"type":"binary-expr","locations":[{"start":{"line":363,"column":8},"end":{"line":363,"column":30}},{"start":{"line":363,"column":34},"end":{"line":363,"column":56}}]},"33":{"line":366,"type":"if","locations":[{"start":{"line":366,"column":4},"end":{"line":366,"column":4}},{"start":{"line":366,"column":4},"end":{"line":366,"column":4}}]},"34":{"line":380,"type":"if","locations":[{"start":{"line":380,"column":4},"end":{"line":380,"column":4}},{"start":{"line":380,"column":4},"end":{"line":380,"column":4}}]}}}}