{"/home/t1st3/Repo/dev/xmlrpc-message-umd/master/src/xmlrpc-message-umd.js":{"path":"/home/t1st3/Repo/dev/xmlrpc-message-umd/master/src/xmlrpc-message-umd.js","s":{"1":1,"2":1,"3":0,"4":1,"5":1,"6":0,"7":1,"8":19,"9":1,"10":19,"11":19,"12":1,"13":5,"14":1,"15":4,"16":4,"17":1,"18":23,"19":1,"20":22,"21":22,"22":1,"23":3,"24":3,"25":3,"26":3,"27":3,"28":3,"29":12,"30":12,"31":12,"32":12,"33":12,"34":12,"35":3,"36":3,"37":3,"38":1,"39":47,"40":0,"41":47,"42":1,"43":46,"44":46,"45":46,"46":11,"47":7,"48":4,"49":11,"50":12,"51":12,"52":3,"53":9,"54":1,"55":8,"56":4,"57":4,"58":12,"59":46,"60":1,"61":37,"62":1,"63":36,"64":36,"65":1,"66":6,"67":1,"68":5,"69":5,"70":1,"71":3,"72":1,"73":2,"74":2,"75":2,"76":2,"77":1,"78":2,"79":0,"80":2,"81":2,"82":2,"83":2,"84":1,"85":7,"86":1,"87":6,"88":6,"89":13,"90":13,"91":13,"92":6,"93":6,"94":1,"95":7,"96":1,"97":6,"98":6,"99":12,"100":12,"101":12,"102":12,"103":12,"104":12,"105":6,"106":6,"107":1,"108":46,"109":1,"110":45,"111":1,"112":45,"113":45,"114":2,"115":2,"116":1,"117":1,"118":3,"119":3,"120":3,"121":3,"122":3,"123":3,"124":33,"125":33,"126":45,"127":1,"128":6,"129":1,"130":5,"131":2,"132":3,"133":3,"134":3,"135":3,"136":3,"137":1,"138":19,"139":1,"140":18,"141":1,"142":17,"143":15,"144":17,"145":1,"146":6,"147":1,"148":5,"149":5,"150":1},"b":{"1":[0,1],"2":[1,0],"3":[1,0],"4":[1,18],"5":[1,4],"6":[1,22],"7":[0,47],"8":[1,46],"9":[47,3],"10":[11,12],"11":[7,4],"12":[3,9],"13":[1,8],"14":[4,4],"15":[1,36],"16":[1,5],"17":[6,5],"18":[1,4],"19":[1,2],"20":[0,2],"21":[1,6],"22":[1,6],"23":[1,45],"24":[46,4],"25":[1,44],"26":[2,1,3,3,3,33],"27":[1,5],"28":[2,3],"29":[5,4],"30":[1,18],"31":[1,17],"32":[18,18],"33":[15,2],"34":[1,5]},"f":{"1":1,"2":1,"3":19,"4":5,"5":23,"6":3,"7":47,"8":37,"9":6,"10":3,"11":2,"12":7,"13":7,"14":46,"15":6,"16":19,"17":6},"fnMap":{"1":{"name":"(anonymous_1)","line":29,"loc":{"start":{"line":29,"column":1},"end":{"line":29,"column":26}}},"2":{"name":"(anonymous_2)","line":45,"loc":{"start":{"line":45,"column":8},"end":{"line":45,"column":24}}},"3":{"name":"(anonymous_3)","line":56,"loc":{"start":{"line":56,"column":22},"end":{"line":56,"column":40}}},"4":{"name":"(anonymous_4)","line":72,"loc":{"start":{"line":72,"column":38},"end":{"line":72,"column":60}}},"5":{"name":"(anonymous_5)","line":90,"loc":{"start":{"line":90,"column":41},"end":{"line":90,"column":57}}},"6":{"name":"(anonymous_6)","line":107,"loc":{"start":{"line":107,"column":32},"end":{"line":107,"column":44}}},"7":{"name":"(anonymous_7)","line":137,"loc":{"start":{"line":137,"column":29},"end":{"line":137,"column":53}}},"8":{"name":"(anonymous_8)","line":184,"loc":{"start":{"line":184,"column":29},"end":{"line":184,"column":51}}},"9":{"name":"(anonymous_9)","line":200,"loc":{"start":{"line":200,"column":31},"end":{"line":200,"column":47}}},"10":{"name":"(anonymous_10)","line":216,"loc":{"start":{"line":216,"column":28},"end":{"line":216,"column":44}}},"11":{"name":"(anonymous_11)","line":234,"loc":{"start":{"line":234,"column":30},"end":{"line":234,"column":46}}},"12":{"name":"(anonymous_12)","line":252,"loc":{"start":{"line":252,"column":29},"end":{"line":252,"column":45}}},"13":{"name":"(anonymous_13)","line":275,"loc":{"start":{"line":275,"column":30},"end":{"line":275,"column":46}}},"14":{"name":"(anonymous_14)","line":302,"loc":{"start":{"line":302,"column":30},"end":{"line":302,"column":52}}},"15":{"name":"(anonymous_15)","line":340,"loc":{"start":{"line":340,"column":32},"end":{"line":340,"column":48}}},"16":{"name":"(anonymous_16)","line":367,"loc":{"start":{"line":367,"column":30},"end":{"line":367,"column":43}}},"17":{"name":"(anonymous_17)","line":387,"loc":{"start":{"line":387,"column":23},"end":{"line":387,"column":39}}}},"statementMap":{"1":{"start":{"line":29,"column":0},"end":{"line":396,"column":4}},"2":{"start":{"line":31,"column":2},"end":{"line":44,"column":3}},"3":{"start":{"line":33,"column":4},"end":{"line":35,"column":16}},"4":{"start":{"line":37,"column":9},"end":{"line":44,"column":3}},"5":{"start":{"line":39,"column":4},"end":{"line":39,"column":50}},"6":{"start":{"line":43,"column":4},"end":{"line":43,"column":44}},"7":{"start":{"line":56,"column":2},"end":{"line":63,"column":4}},"8":{"start":{"line":58,"column":4},"end":{"line":60,"column":5}},"9":{"start":{"line":59,"column":6},"end":{"line":59,"column":29}},"10":{"start":{"line":61,"column":4},"end":{"line":61,"column":21}},"11":{"start":{"line":62,"column":4},"end":{"line":62,"column":16}},"12":{"start":{"line":72,"column":2},"end":{"line":81,"column":4}},"13":{"start":{"line":74,"column":4},"end":{"line":77,"column":5}},"14":{"start":{"line":76,"column":6},"end":{"line":76,"column":18}},"15":{"start":{"line":78,"column":4},"end":{"line":78,"column":29}},"16":{"start":{"line":80,"column":4},"end":{"line":80,"column":16}},"17":{"start":{"line":90,"column":2},"end":{"line":99,"column":4}},"18":{"start":{"line":92,"column":4},"end":{"line":95,"column":5}},"19":{"start":{"line":94,"column":6},"end":{"line":94,"column":18}},"20":{"start":{"line":96,"column":4},"end":{"line":96,"column":43}},"21":{"start":{"line":98,"column":4},"end":{"line":98,"column":16}},"22":{"start":{"line":107,"column":2},"end":{"line":127,"column":4}},"23":{"start":{"line":108,"column":4},"end":{"line":110,"column":16}},"24":{"start":{"line":111,"column":4},"end":{"line":111,"column":39}},"25":{"start":{"line":112,"column":4},"end":{"line":112,"column":28}},"26":{"start":{"line":113,"column":4},"end":{"line":113,"column":60}},"27":{"start":{"line":114,"column":4},"end":{"line":114,"column":24}},"28":{"start":{"line":115,"column":4},"end":{"line":122,"column":5}},"29":{"start":{"line":116,"column":6},"end":{"line":116,"column":28}},"30":{"start":{"line":117,"column":6},"end":{"line":117,"column":25}},"31":{"start":{"line":118,"column":6},"end":{"line":118,"column":23}},"32":{"start":{"line":119,"column":6},"end":{"line":119,"column":77}},"33":{"start":{"line":120,"column":6},"end":{"line":120,"column":26}},"34":{"start":{"line":121,"column":6},"end":{"line":121,"column":26}},"35":{"start":{"line":123,"column":4},"end":{"line":123,"column":25}},"36":{"start":{"line":124,"column":4},"end":{"line":124,"column":27}},"37":{"start":{"line":126,"column":4},"end":{"line":126,"column":15}},"38":{"start":{"line":137,"column":2},"end":{"line":174,"column":4}},"39":{"start":{"line":138,"column":4},"end":{"line":140,"column":5}},"40":{"start":{"line":139,"column":6},"end":{"line":139,"column":23}},"41":{"start":{"line":142,"column":4},"end":{"line":144,"column":5}},"42":{"start":{"line":143,"column":6},"end":{"line":143,"column":19}},"43":{"start":{"line":145,"column":4},"end":{"line":146,"column":15}},"44":{"start":{"line":147,"column":4},"end":{"line":147,"column":30}},"45":{"start":{"line":148,"column":4},"end":{"line":172,"column":5}},"46":{"start":{"line":150,"column":8},"end":{"line":154,"column":9}},"47":{"start":{"line":151,"column":10},"end":{"line":151,"column":23}},"48":{"start":{"line":153,"column":10},"end":{"line":153,"column":26}},"49":{"start":{"line":155,"column":8},"end":{"line":155,"column":14}},"50":{"start":{"line":157,"column":8},"end":{"line":157,"column":28}},"51":{"start":{"line":158,"column":8},"end":{"line":170,"column":9}},"52":{"start":{"line":159,"column":10},"end":{"line":159,"column":26}},"53":{"start":{"line":161,"column":10},"end":{"line":169,"column":11}},"54":{"start":{"line":162,"column":10},"end":{"line":162,"column":24}},"55":{"start":{"line":164,"column":12},"end":{"line":168,"column":13}},"56":{"start":{"line":165,"column":14},"end":{"line":165,"column":29}},"57":{"start":{"line":167,"column":14},"end":{"line":167,"column":30}},"58":{"start":{"line":171,"column":8},"end":{"line":171,"column":14}},"59":{"start":{"line":173,"column":4},"end":{"line":173,"column":16}},"60":{"start":{"line":184,"column":2},"end":{"line":191,"column":4}},"61":{"start":{"line":186,"column":4},"end":{"line":188,"column":5}},"62":{"start":{"line":187,"column":6},"end":{"line":187,"column":16}},"63":{"start":{"line":189,"column":4},"end":{"line":189,"column":58}},"64":{"start":{"line":190,"column":4},"end":{"line":190,"column":15}},"65":{"start":{"line":200,"column":2},"end":{"line":207,"column":4}},"66":{"start":{"line":202,"column":4},"end":{"line":204,"column":5}},"67":{"start":{"line":203,"column":6},"end":{"line":203,"column":16}},"68":{"start":{"line":205,"column":4},"end":{"line":205,"column":40}},"69":{"start":{"line":206,"column":4},"end":{"line":206,"column":46}},"70":{"start":{"line":216,"column":2},"end":{"line":225,"column":4}},"71":{"start":{"line":218,"column":4},"end":{"line":220,"column":5}},"72":{"start":{"line":219,"column":6},"end":{"line":219,"column":16}},"73":{"start":{"line":221,"column":4},"end":{"line":221,"column":35}},"74":{"start":{"line":222,"column":4},"end":{"line":222,"column":45}},"75":{"start":{"line":223,"column":4},"end":{"line":223,"column":33}},"76":{"start":{"line":224,"column":4},"end":{"line":224,"column":15}},"77":{"start":{"line":234,"column":2},"end":{"line":243,"column":4}},"78":{"start":{"line":236,"column":4},"end":{"line":238,"column":5}},"79":{"start":{"line":237,"column":6},"end":{"line":237,"column":16}},"80":{"start":{"line":239,"column":4},"end":{"line":239,"column":25}},"81":{"start":{"line":240,"column":4},"end":{"line":240,"column":18}},"82":{"start":{"line":241,"column":4},"end":{"line":241,"column":23}},"83":{"start":{"line":242,"column":4},"end":{"line":242,"column":15}},"84":{"start":{"line":252,"column":2},"end":{"line":266,"column":4}},"85":{"start":{"line":254,"column":4},"end":{"line":256,"column":5}},"86":{"start":{"line":255,"column":6},"end":{"line":255,"column":16}},"87":{"start":{"line":257,"column":4},"end":{"line":258,"column":10}},"88":{"start":{"line":259,"column":4},"end":{"line":263,"column":5}},"89":{"start":{"line":260,"column":6},"end":{"line":260,"column":23}},"90":{"start":{"line":261,"column":6},"end":{"line":261,"column":83}},"91":{"start":{"line":262,"column":6},"end":{"line":262,"column":26}},"92":{"start":{"line":264,"column":4},"end":{"line":264,"column":31}},"93":{"start":{"line":265,"column":4},"end":{"line":265,"column":15}},"94":{"start":{"line":275,"column":2},"end":{"line":292,"column":4}},"95":{"start":{"line":277,"column":4},"end":{"line":279,"column":5}},"96":{"start":{"line":278,"column":6},"end":{"line":278,"column":16}},"97":{"start":{"line":280,"column":4},"end":{"line":281,"column":10}},"98":{"start":{"line":282,"column":4},"end":{"line":289,"column":5}},"99":{"start":{"line":283,"column":6},"end":{"line":283,"column":26}},"100":{"start":{"line":284,"column":6},"end":{"line":284,"column":40}},"101":{"start":{"line":285,"column":6},"end":{"line":285,"column":24}},"102":{"start":{"line":286,"column":6},"end":{"line":286,"column":83}},"103":{"start":{"line":287,"column":6},"end":{"line":287,"column":26}},"104":{"start":{"line":288,"column":6},"end":{"line":288,"column":27}},"105":{"start":{"line":290,"column":4},"end":{"line":290,"column":25}},"106":{"start":{"line":291,"column":4},"end":{"line":291,"column":15}},"107":{"start":{"line":302,"column":2},"end":{"line":331,"column":4}},"108":{"start":{"line":303,"column":4},"end":{"line":305,"column":5}},"109":{"start":{"line":304,"column":6},"end":{"line":304,"column":19}},"110":{"start":{"line":306,"column":4},"end":{"line":308,"column":5}},"111":{"start":{"line":307,"column":6},"end":{"line":307,"column":22}},"112":{"start":{"line":309,"column":4},"end":{"line":309,"column":12}},"113":{"start":{"line":310,"column":4},"end":{"line":329,"column":5}},"114":{"start":{"line":312,"column":8},"end":{"line":312,"column":46}},"115":{"start":{"line":313,"column":8},"end":{"line":313,"column":14}},"116":{"start":{"line":315,"column":8},"end":{"line":315,"column":44}},"117":{"start":{"line":316,"column":8},"end":{"line":316,"column":14}},"118":{"start":{"line":318,"column":8},"end":{"line":318,"column":45}},"119":{"start":{"line":319,"column":8},"end":{"line":319,"column":14}},"120":{"start":{"line":321,"column":8},"end":{"line":321,"column":46}},"121":{"start":{"line":322,"column":8},"end":{"line":322,"column":14}},"122":{"start":{"line":324,"column":8},"end":{"line":324,"column":47}},"123":{"start":{"line":325,"column":8},"end":{"line":325,"column":14}},"124":{"start":{"line":327,"column":8},"end":{"line":327,"column":51}},"125":{"start":{"line":328,"column":8},"end":{"line":328,"column":14}},"126":{"start":{"line":330,"column":4},"end":{"line":330,"column":15}},"127":{"start":{"line":340,"column":2},"end":{"line":358,"column":4}},"128":{"start":{"line":342,"column":4},"end":{"line":344,"column":5}},"129":{"start":{"line":343,"column":6},"end":{"line":343,"column":19}},"130":{"start":{"line":346,"column":4},"end":{"line":348,"column":5}},"131":{"start":{"line":347,"column":6},"end":{"line":347,"column":19}},"132":{"start":{"line":349,"column":4},"end":{"line":353,"column":19}},"133":{"start":{"line":354,"column":4},"end":{"line":354,"column":74}},"134":{"start":{"line":355,"column":4},"end":{"line":355,"column":74}},"135":{"start":{"line":356,"column":4},"end":{"line":356,"column":48}},"136":{"start":{"line":357,"column":4},"end":{"line":357,"column":21}},"137":{"start":{"line":367,"column":2},"end":{"line":378,"column":4}},"138":{"start":{"line":368,"column":4},"end":{"line":370,"column":5}},"139":{"start":{"line":369,"column":6},"end":{"line":369,"column":19}},"140":{"start":{"line":371,"column":4},"end":{"line":373,"column":5}},"141":{"start":{"line":372,"column":6},"end":{"line":372,"column":19}},"142":{"start":{"line":374,"column":4},"end":{"line":376,"column":5}},"143":{"start":{"line":375,"column":6},"end":{"line":375,"column":18}},"144":{"start":{"line":377,"column":4},"end":{"line":377,"column":13}},"145":{"start":{"line":387,"column":2},"end":{"line":393,"column":4}},"146":{"start":{"line":388,"column":4},"end":{"line":390,"column":5}},"147":{"start":{"line":389,"column":6},"end":{"line":389,"column":19}},"148":{"start":{"line":391,"column":4},"end":{"line":391,"column":24}},"149":{"start":{"line":392,"column":4},"end":{"line":392,"column":27}},"150":{"start":{"line":395,"column":2},"end":{"line":395,"column":23}}},"branchMap":{"1":{"line":31,"type":"if","locations":[{"start":{"line":31,"column":2},"end":{"line":31,"column":2}},{"start":{"line":31,"column":2},"end":{"line":31,"column":2}}]},"2":{"line":31,"type":"binary-expr","locations":[{"start":{"line":31,"column":6},"end":{"line":31,"column":34}},{"start":{"line":31,"column":38},"end":{"line":31,"column":48}}]},"3":{"line":37,"type":"if","locations":[{"start":{"line":37,"column":9},"end":{"line":37,"column":9}},{"start":{"line":37,"column":9},"end":{"line":37,"column":9}}]},"4":{"line":58,"type":"if","locations":[{"start":{"line":58,"column":4},"end":{"line":58,"column":4}},{"start":{"line":58,"column":4},"end":{"line":58,"column":4}}]},"5":{"line":74,"type":"if","locations":[{"start":{"line":74,"column":4},"end":{"line":74,"column":4}},{"start":{"line":74,"column":4},"end":{"line":74,"column":4}}]},"6":{"line":92,"type":"if","locations":[{"start":{"line":92,"column":4},"end":{"line":92,"column":4}},{"start":{"line":92,"column":4},"end":{"line":92,"column":4}}]},"7":{"line":138,"type":"if","locations":[{"start":{"line":138,"column":4},"end":{"line":138,"column":4}},{"start":{"line":138,"column":4},"end":{"line":138,"column":4}}]},"8":{"line":142,"type":"if","locations":[{"start":{"line":142,"column":4},"end":{"line":142,"column":4}},{"start":{"line":142,"column":4},"end":{"line":142,"column":4}}]},"9":{"line":142,"type":"binary-expr","locations":[{"start":{"line":142,"column":8},"end":{"line":142,"column":10}},{"start":{"line":142,"column":14},"end":{"line":142,"column":25}}]},"10":{"line":148,"type":"switch","locations":[{"start":{"line":149,"column":6},"end":{"line":155,"column":14}},{"start":{"line":156,"column":6},"end":{"line":171,"column":14}}]},"11":{"line":150,"type":"if","locations":[{"start":{"line":150,"column":8},"end":{"line":150,"column":8}},{"start":{"line":150,"column":8},"end":{"line":150,"column":8}}]},"12":{"line":158,"type":"if","locations":[{"start":{"line":158,"column":8},"end":{"line":158,"column":8}},{"start":{"line":158,"column":8},"end":{"line":158,"column":8}}]},"13":{"line":161,"type":"if","locations":[{"start":{"line":161,"column":10},"end":{"line":161,"column":10}},{"start":{"line":161,"column":10},"end":{"line":161,"column":10}}]},"14":{"line":164,"type":"if","locations":[{"start":{"line":164,"column":12},"end":{"line":164,"column":12}},{"start":{"line":164,"column":12},"end":{"line":164,"column":12}}]},"15":{"line":186,"type":"if","locations":[{"start":{"line":186,"column":4},"end":{"line":186,"column":4}},{"start":{"line":186,"column":4},"end":{"line":186,"column":4}}]},"16":{"line":202,"type":"if","locations":[{"start":{"line":202,"column":4},"end":{"line":202,"column":4}},{"start":{"line":202,"column":4},"end":{"line":202,"column":4}}]},"17":{"line":202,"type":"binary-expr","locations":[{"start":{"line":202,"column":8},"end":{"line":202,"column":13}},{"start":{"line":202,"column":17},"end":{"line":202,"column":31}}]},"18":{"line":205,"type":"cond-expr","locations":[{"start":{"line":205,"column":34},"end":{"line":205,"column":35}},{"start":{"line":205,"column":38},"end":{"line":205,"column":39}}]},"19":{"line":218,"type":"if","locations":[{"start":{"line":218,"column":4},"end":{"line":218,"column":4}},{"start":{"line":218,"column":4},"end":{"line":218,"column":4}}]},"20":{"line":236,"type":"if","locations":[{"start":{"line":236,"column":4},"end":{"line":236,"column":4}},{"start":{"line":236,"column":4},"end":{"line":236,"column":4}}]},"21":{"line":254,"type":"if","locations":[{"start":{"line":254,"column":4},"end":{"line":254,"column":4}},{"start":{"line":254,"column":4},"end":{"line":254,"column":4}}]},"22":{"line":277,"type":"if","locations":[{"start":{"line":277,"column":4},"end":{"line":277,"column":4}},{"start":{"line":277,"column":4},"end":{"line":277,"column":4}}]},"23":{"line":303,"type":"if","locations":[{"start":{"line":303,"column":4},"end":{"line":303,"column":4}},{"start":{"line":303,"column":4},"end":{"line":303,"column":4}}]},"24":{"line":303,"type":"binary-expr","locations":[{"start":{"line":303,"column":8},"end":{"line":303,"column":13}},{"start":{"line":303,"column":17},"end":{"line":303,"column":31}}]},"25":{"line":306,"type":"if","locations":[{"start":{"line":306,"column":4},"end":{"line":306,"column":4}},{"start":{"line":306,"column":4},"end":{"line":306,"column":4}}]},"26":{"line":310,"type":"switch","locations":[{"start":{"line":311,"column":6},"end":{"line":313,"column":14}},{"start":{"line":314,"column":6},"end":{"line":316,"column":14}},{"start":{"line":317,"column":6},"end":{"line":319,"column":14}},{"start":{"line":320,"column":6},"end":{"line":322,"column":14}},{"start":{"line":323,"column":6},"end":{"line":325,"column":14}},{"start":{"line":326,"column":6},"end":{"line":328,"column":14}}]},"27":{"line":342,"type":"if","locations":[{"start":{"line":342,"column":4},"end":{"line":342,"column":4}},{"start":{"line":342,"column":4},"end":{"line":342,"column":4}}]},"28":{"line":346,"type":"if","locations":[{"start":{"line":346,"column":4},"end":{"line":346,"column":4}},{"start":{"line":346,"column":4},"end":{"line":346,"column":4}}]},"29":{"line":346,"type":"binary-expr","locations":[{"start":{"line":346,"column":8},"end":{"line":346,"column":33}},{"start":{"line":346,"column":37},"end":{"line":346,"column":60}}]},"30":{"line":368,"type":"if","locations":[{"start":{"line":368,"column":4},"end":{"line":368,"column":4}},{"start":{"line":368,"column":4},"end":{"line":368,"column":4}}]},"31":{"line":371,"type":"if","locations":[{"start":{"line":371,"column":4},"end":{"line":371,"column":4}},{"start":{"line":371,"column":4},"end":{"line":371,"column":4}}]},"32":{"line":371,"type":"binary-expr","locations":[{"start":{"line":371,"column":8},"end":{"line":371,"column":30}},{"start":{"line":371,"column":34},"end":{"line":371,"column":56}}]},"33":{"line":374,"type":"if","locations":[{"start":{"line":374,"column":4},"end":{"line":374,"column":4}},{"start":{"line":374,"column":4},"end":{"line":374,"column":4}}]},"34":{"line":388,"type":"if","locations":[{"start":{"line":388,"column":4},"end":{"line":388,"column":4}},{"start":{"line":388,"column":4},"end":{"line":388,"column":4}}]}}}}