TN:
SF:/home/t1st3/Repo/dev/xmlrpc-message-umd/master/src/xmlrpc-message-umd.js
FN:29,(anonymous_1)
FN:45,(anonymous_2)
FN:56,(anonymous_3)
FN:72,(anonymous_4)
FN:90,(anonymous_5)
FN:107,(anonymous_6)
FN:138,(anonymous_7)
FN:186,(anonymous_8)
FN:202,(anonymous_9)
FN:219,(anonymous_10)
FN:237,(anonymous_11)
FN:255,(anonymous_12)
FN:275,(anonymous_13)
FN:299,(anonymous_14)
FN:337,(anonymous_15)
FN:362,(anonymous_16)
FN:382,(anonymous_17)
FNF:17
FNH:17
FNDA:1,(anonymous_1)
FNDA:1,(anonymous_2)
FNDA:19,(anonymous_3)
FNDA:5,(anonymous_4)
FNDA:23,(anonymous_5)
FNDA:3,(anonymous_6)
FNDA:47,(anonymous_7)
FNDA:37,(anonymous_8)
FNDA:6,(anonymous_9)
FNDA:3,(anonymous_10)
FNDA:2,(anonymous_11)
FNDA:7,(anonymous_12)
FNDA:7,(anonymous_13)
FNDA:46,(anonymous_14)
FNDA:6,(anonymous_15)
FNDA:19,(anonymous_16)
FNDA:6,(anonymous_17)
DA:29,1
DA:31,1
DA:33,0
DA:37,1
DA:39,1
DA:43,0
DA:56,1
DA:58,19
DA:59,1
DA:61,19
DA:62,19
DA:72,1
DA:74,5
DA:76,1
DA:78,4
DA:80,4
DA:90,1
DA:92,23
DA:94,1
DA:96,22
DA:98,22
DA:107,1
DA:109,3
DA:110,3
DA:111,3
DA:112,3
DA:113,3
DA:115,3
DA:116,12
DA:117,12
DA:119,12
DA:121,12
DA:124,3
DA:125,3
DA:127,3
DA:138,1
DA:139,47
DA:140,0
DA:143,47
DA:144,1
DA:146,46
DA:147,46
DA:148,46
DA:150,11
DA:151,7
DA:153,4
DA:155,11
DA:157,12
DA:158,12
DA:159,3
DA:161,9
DA:162,1
DA:164,8
DA:165,4
DA:167,4
DA:172,12
DA:175,46
DA:186,1
DA:188,37
DA:189,1
DA:191,36
DA:192,36
DA:202,1
DA:204,6
DA:205,1
DA:207,5
DA:208,5
DA:209,5
DA:219,1
DA:221,3
DA:222,1
DA:224,2
DA:225,2
DA:226,2
DA:227,2
DA:237,1
DA:239,2
DA:240,0
DA:242,2
DA:243,2
DA:244,2
DA:245,2
DA:255,1
DA:257,7
DA:258,1
DA:260,6
DA:261,6
DA:262,13
DA:264,6
DA:265,6
DA:275,1
DA:277,7
DA:278,1
DA:280,6
DA:281,6
DA:282,12
DA:283,12
DA:284,12
DA:285,12
DA:287,6
DA:288,6
DA:299,1
DA:300,46
DA:301,1
DA:303,45
DA:304,1
DA:306,45
DA:307,45
DA:309,2
DA:310,2
DA:312,1
DA:313,1
DA:315,3
DA:316,3
DA:318,3
DA:319,3
DA:321,3
DA:322,3
DA:324,33
DA:325,33
DA:327,45
DA:337,1
DA:339,6
DA:340,1
DA:343,5
DA:344,2
DA:346,3
DA:347,3
DA:348,3
DA:349,3
DA:351,3
DA:352,3
DA:362,1
DA:363,19
DA:364,1
DA:366,18
DA:367,1
DA:369,17
DA:370,15
DA:372,17
DA:382,1
DA:383,6
DA:384,1
DA:386,5
DA:387,5
DA:390,1
LF:146
LH:142
BRDA:31,1,0,0
BRDA:31,1,1,1
BRDA:31,2,0,1
BRDA:31,2,1,0
BRDA:37,3,0,1
BRDA:37,3,1,0
BRDA:58,4,0,1
BRDA:58,4,1,18
BRDA:74,5,0,1
BRDA:74,5,1,4
BRDA:92,6,0,1
BRDA:92,6,1,22
BRDA:139,7,0,0
BRDA:139,7,1,47
BRDA:143,8,0,1
BRDA:143,8,1,46
BRDA:143,9,0,47
BRDA:143,9,1,3
BRDA:148,10,0,11
BRDA:148,10,1,12
BRDA:150,11,0,7
BRDA:150,11,1,4
BRDA:158,12,0,3
BRDA:158,12,1,9
BRDA:161,13,0,1
BRDA:161,13,1,8
BRDA:164,14,0,4
BRDA:164,14,1,4
BRDA:188,15,0,1
BRDA:188,15,1,36
BRDA:204,16,0,1
BRDA:204,16,1,5
BRDA:204,17,0,6
BRDA:204,17,1,5
BRDA:207,18,0,1
BRDA:207,18,1,4
BRDA:221,19,0,1
BRDA:221,19,1,2
BRDA:239,20,0,0
BRDA:239,20,1,2
BRDA:257,21,0,1
BRDA:257,21,1,6
BRDA:277,22,0,1
BRDA:277,22,1,6
BRDA:300,23,0,1
BRDA:300,23,1,45
BRDA:300,24,0,46
BRDA:300,24,1,4
BRDA:303,25,0,1
BRDA:303,25,1,44
BRDA:307,26,0,2
BRDA:307,26,1,1
BRDA:307,26,2,3
BRDA:307,26,3,3
BRDA:307,26,4,3
BRDA:307,26,5,33
BRDA:339,27,0,1
BRDA:339,27,1,5
BRDA:343,28,0,2
BRDA:343,28,1,3
BRDA:343,29,0,5
BRDA:343,29,1,4
BRDA:363,30,0,1
BRDA:363,30,1,18
BRDA:366,31,0,1
BRDA:366,31,1,17
BRDA:366,32,0,18
BRDA:366,32,1,18
BRDA:369,33,0,15
BRDA:369,33,1,2
BRDA:383,34,0,1
BRDA:383,34,1,5
BRF:72
BRH:67
end_of_record
