TN:
SF:/home/tiste/Repo/t1st3/dev/umd-modules/xmlrpc-message-umd/src/xmlrpc-message-umd.js
FN:29,(anonymous_1)
FN:45,(anonymous_2)
FN:56,(anonymous_3)
FN:72,(anonymous_4)
FN:90,(anonymous_5)
FN:107,(anonymous_6)
FN:137,(anonymous_7)
FN:184,(anonymous_8)
FN:200,(anonymous_9)
FN:216,(anonymous_10)
FN:234,(anonymous_11)
FN:252,(anonymous_12)
FN:275,(anonymous_13)
FN:302,(anonymous_14)
FN:340,(anonymous_15)
FN:367,(anonymous_16)
FN:387,(anonymous_17)
FNF:17
FNH:17
FNDA:3,(anonymous_1)
FNDA:3,(anonymous_2)
FNDA:57,(anonymous_3)
FNDA:15,(anonymous_4)
FNDA:69,(anonymous_5)
FNDA:9,(anonymous_6)
FNDA:141,(anonymous_7)
FNDA:111,(anonymous_8)
FNDA:18,(anonymous_9)
FNDA:9,(anonymous_10)
FNDA:6,(anonymous_11)
FNDA:21,(anonymous_12)
FNDA:21,(anonymous_13)
FNDA:138,(anonymous_14)
FNDA:18,(anonymous_15)
FNDA:57,(anonymous_16)
FNDA:18,(anonymous_17)
DA:29,3
DA:31,3
DA:33,1
DA:37,2
DA:39,1
DA:43,1
DA:56,3
DA:58,57
DA:59,3
DA:61,57
DA:62,57
DA:72,3
DA:74,15
DA:76,3
DA:78,12
DA:80,12
DA:90,3
DA:92,69
DA:94,3
DA:96,66
DA:98,66
DA:107,3
DA:108,9
DA:111,9
DA:112,9
DA:113,9
DA:114,9
DA:115,9
DA:116,36
DA:117,36
DA:118,36
DA:119,36
DA:120,36
DA:121,36
DA:123,9
DA:124,9
DA:126,9
DA:137,3
DA:138,141
DA:139,0
DA:142,141
DA:143,3
DA:145,138
DA:147,138
DA:148,138
DA:150,33
DA:151,21
DA:153,12
DA:155,33
DA:157,36
DA:158,36
DA:159,9
DA:161,27
DA:162,3
DA:164,24
DA:165,12
DA:167,12
DA:171,36
DA:173,138
DA:184,3
DA:186,111
DA:187,3
DA:189,108
DA:190,108
DA:200,3
DA:202,18
DA:203,3
DA:205,15
DA:206,15
DA:216,3
DA:218,9
DA:219,3
DA:221,6
DA:222,6
DA:223,6
DA:224,6
DA:234,3
DA:236,6
DA:237,0
DA:239,6
DA:240,6
DA:241,6
DA:242,6
DA:252,3
DA:254,21
DA:255,3
DA:257,18
DA:259,18
DA:260,39
DA:261,39
DA:262,39
DA:264,18
DA:265,18
DA:275,3
DA:277,21
DA:278,3
DA:280,18
DA:282,18
DA:283,36
DA:284,36
DA:285,36
DA:286,36
DA:287,36
DA:288,36
DA:290,18
DA:291,18
DA:302,3
DA:303,138
DA:304,3
DA:306,135
DA:307,3
DA:309,135
DA:310,135
DA:312,6
DA:313,6
DA:315,3
DA:316,3
DA:318,9
DA:319,9
DA:321,9
DA:322,9
DA:324,9
DA:325,9
DA:327,99
DA:328,99
DA:330,135
DA:340,3
DA:342,18
DA:343,3
DA:346,15
DA:347,6
DA:349,9
DA:354,9
DA:355,9
DA:356,9
DA:357,9
DA:367,3
DA:368,57
DA:369,3
DA:371,54
DA:372,3
DA:374,51
DA:375,45
DA:377,51
DA:387,3
DA:388,18
DA:389,3
DA:391,15
DA:392,15
DA:395,3
LF:150
LH:148
BRDA:31,1,0,1
BRDA:31,1,1,2
BRDA:31,2,0,3
BRDA:31,2,1,1
BRDA:37,3,0,1
BRDA:37,3,1,1
BRDA:58,4,0,3
BRDA:58,4,1,54
BRDA:74,5,0,3
BRDA:74,5,1,12
BRDA:92,6,0,3
BRDA:92,6,1,66
BRDA:138,7,0,0
BRDA:138,7,1,141
BRDA:142,8,0,3
BRDA:142,8,1,138
BRDA:142,9,0,141
BRDA:142,9,1,9
BRDA:148,10,0,33
BRDA:148,10,1,36
BRDA:150,11,0,21
BRDA:150,11,1,12
BRDA:158,12,0,9
BRDA:158,12,1,27
BRDA:161,13,0,3
BRDA:161,13,1,24
BRDA:164,14,0,12
BRDA:164,14,1,12
BRDA:186,15,0,3
BRDA:186,15,1,108
BRDA:202,16,0,3
BRDA:202,16,1,15
BRDA:202,17,0,18
BRDA:202,17,1,15
BRDA:205,18,0,3
BRDA:205,18,1,12
BRDA:218,19,0,3
BRDA:218,19,1,6
BRDA:236,20,0,0
BRDA:236,20,1,6
BRDA:254,21,0,3
BRDA:254,21,1,18
BRDA:277,22,0,3
BRDA:277,22,1,18
BRDA:303,23,0,3
BRDA:303,23,1,135
BRDA:303,24,0,138
BRDA:303,24,1,12
BRDA:306,25,0,3
BRDA:306,25,1,132
BRDA:310,26,0,6
BRDA:310,26,1,3
BRDA:310,26,2,9
BRDA:310,26,3,9
BRDA:310,26,4,9
BRDA:310,26,5,99
BRDA:342,27,0,3
BRDA:342,27,1,15
BRDA:346,28,0,6
BRDA:346,28,1,9
BRDA:346,29,0,15
BRDA:346,29,1,12
BRDA:368,30,0,3
BRDA:368,30,1,54
BRDA:371,31,0,3
BRDA:371,31,1,51
BRDA:371,32,0,54
BRDA:371,32,1,54
BRDA:374,33,0,45
BRDA:374,33,1,6
BRDA:388,34,0,3
BRDA:388,34,1,15
BRF:72
BRH:70
end_of_record
